<?xml version="1.0" encoding="utf-8"?><testsuites name="pytest tests"><testsuite name="pytest" errors="0" failures="0" skipped="0" tests="40" time="0.036" timestamp="2025-10-20T14:48:03.701575-04:00" hostname="Mohans-MacBook-Air.local"><testcase classname="test.test_pytest" name="test_fun1" time="0.000" /><testcase classname="test.test_pytest" name="test_fun2" time="0.000" /><testcase classname="test.test_pytest" name="test_fun3" time="0.000" /><testcase classname="test.test_pytest" name="test_fun4" time="0.000" /><testcase classname="test.test_pytest" name="test_fun1_error_handling" time="0.000" /><testcase classname="test.test_pytest" name="test_fun2_error_handling" time="0.000" /><testcase classname="test.test_pytest" name="test_fun3_error_handling" time="0.000" /><testcase classname="test.test_pytest" name="test_fun4_error_handling" time="0.000" /><testcase classname="test.test_pytest" name="test_fun1_parametrized[0-0-0]" time="0.000" /><testcase classname="test.test_pytest" name="test_fun1_parametrized[10-5-15]" time="0.000" /><testcase classname="test.test_pytest" name="test_fun1_parametrized[-10--5--15]" time="0.000" /><testcase classname="test.test_pytest" name="test_fun1_parametrized[100--50-50]" time="0.000" /><testcase classname="test.test_pytest" name="test_fun1_parametrized[1.5-2.5-4.0]" time="0.000" /><testcase classname="test.test_pytest" name="test_fun2_parametrized[10-5-5]" time="0.000" /><testcase classname="test.test_pytest" name="test_fun2_parametrized[5-10--5]" time="0.000" /><testcase classname="test.test_pytest" name="test_fun2_parametrized[0-0-0]" time="0.000" /><testcase classname="test.test_pytest" name="test_fun2_parametrized[-10--5--5]" time="0.000" /><testcase classname="test.test_pytest" name="test_fun2_parametrized[100-50-50]" time="0.000" /><testcase classname="test.test_pytest" name="test_fun3_parametrized[2-3-6]" time="0.000" /><testcase classname="test.test_pytest" name="test_fun3_parametrized[0-100-0]" time="0.000" /><testcase classname="test.test_pytest" name="test_fun3_parametrized[-2-3--6]" time="0.000" /><testcase classname="test.test_pytest" name="test_fun3_parametrized[-2--3-6]" time="0.000" /><testcase classname="test.test_pytest" name="test_fun3_parametrized[1.5-2-3.0]" time="0.000" /><testcase classname="test.test_pytest" name="test_fun4_parametrized[1-2-3-6]" time="0.000" /><testcase classname="test.test_pytest" name="test_fun4_parametrized[0-0-0-0]" time="0.000" /><testcase classname="test.test_pytest" name="test_fun4_parametrized[-1--2--3--6]" time="0.000" /><testcase classname="test.test_pytest" name="test_fun4_parametrized[10--5-5-10]" time="0.000" /><testcase classname="test.test_pytest" name="test_fun4_parametrized[1.5-2.5-1.0-5.0]" time="0.000" /><testcase classname="test.test_unittest.TestCalculator" name="test_fun1" time="0.000" /><testcase classname="test.test_unittest.TestCalculator" name="test_fun1_error_handling" time="0.000" /><testcase classname="test.test_unittest.TestCalculator" name="test_fun1_with_floats" time="0.000" /><testcase classname="test.test_unittest.TestCalculator" name="test_fun2" time="0.000" /><testcase classname="test.test_unittest.TestCalculator" name="test_fun2_error_handling" time="0.000" /><testcase classname="test.test_unittest.TestCalculator" name="test_fun2_with_floats" time="0.000" /><testcase classname="test.test_unittest.TestCalculator" name="test_fun3" time="0.000" /><testcase classname="test.test_unittest.TestCalculator" name="test_fun3_error_handling" time="0.000" /><testcase classname="test.test_unittest.TestCalculator" name="test_fun3_with_floats" time="0.000" /><testcase classname="test.test_unittest.TestCalculator" name="test_fun4" time="0.000" /><testcase classname="test.test_unittest.TestCalculator" name="test_fun4_error_handling" time="0.000" /><testcase classname="test.test_unittest.TestCalculator" name="test_fun4_with_floats" time="0.000" /></testsuite></testsuites>